app/build/intermediates/manifest_merge_blame_file/debug/manifest-merger-blame-debug-report.txt
1<?xml version="1.0" encoding="utf-8"?>
2<manifest xmlns:android="http://schemas.android.com/apk/res/android"
3    package="com.problem.solution.data.persistence"
4    android:versionCode="1"
5    android:versionName="1.0" >
6
7    <uses-sdk
8        android:minSdkVersion="16"
8-->src/main/AndroidManifest.xml
9        android:targetSdkVersion="28" />
9-->src/main/AndroidManifest.xml
10
11    <application
11-->src/main/AndroidManifest.xml:5:3-22:17
12        android:allowBackup="true"
12-->src/main/AndroidManifest.xml:6:7-33
13        android:appComponentFactory="androidx.core.app.CoreComponentFactory"
13-->[androidx.core:core:1.0.1] AndroidManifest.xml:22:18-86
14        android:debuggable="true"
15        android:icon="@mipmap/ic_launcher"
15-->src/main/AndroidManifest.xml:7:7-41
16        android:label="@string/app_name"
16-->src/main/AndroidManifest.xml:8:7-39
17        android:roundIcon="@mipmap/ic_launcher_round"
17-->src/main/AndroidManifest.xml:9:7-52
18        android:supportsRtl="true"
18-->src/main/AndroidManifest.xml:10:7-33
19        android:testOnly="true"
20        android:theme="@style/AppTheme" >
20-->src/main/AndroidManifest.xml:11:7-38
21        <activity
21-->src/main/AndroidManifest.xml:12:5-21:16
22            android:name="com.problem.solution.data.persistence.MainActivity"
22-->src/main/AndroidManifest.xml:13:9-37
23            android:label="@string/app_name"
23-->src/main/AndroidManifest.xml:14:9-41
24            android:theme="@style/AppTheme.NoActionBar" >
24-->src/main/AndroidManifest.xml:15:9-52
25            <intent-filter>
25-->src/main/AndroidManifest.xml:16:7-20:23
26                <action android:name="android.intent.action.MAIN" />
26-->src/main/AndroidManifest.xml:17:9-61
26-->src/main/AndroidManifest.xml:17:17-58
27
28                <category android:name="android.intent.category.LAUNCHER" />
28-->src/main/AndroidManifest.xml:19:9-69
28-->src/main/AndroidManifest.xml:19:19-66
29            </intent-filter>
30        </activity>
31    </application>
32
33</manifest>